{
  "stats": {
    "suites": 1,
    "tests": 2,
    "passes": 0,
    "pending": 1,
    "failures": 1,
    "start": "2022-08-11T05:48:01.222Z",
    "end": "2022-08-11T05:48:01.698Z",
    "duration": 476,
    "testsRegistered": 2,
    "passPercent": 0,
    "pendingPercent": 50,
    "other": 0,
    "hasOther": false,
    "skipped": 0,
    "hasSkipped": false
  },
  "results": [
    {
      "uuid": "b9a2c3d7-4d6b-495e-a9dc-99dad1b5a0bb",
      "title": "",
      "fullFile": "C:\\Users\\7000031219\\Desktop\\codeceptjsAPITesting\\test\\airport_favorites_test.js",
      "file": "\\test\\airport_favorites_test.js",
      "beforeHooks": [],
      "afterHooks": [],
      "tests": [],
      "suites": [
        {
          "uuid": "ff62e627-356b-48b4-a752-b785d7000941",
          "title": "Favorites airport",
          "fullFile": "C:\\Users\\7000031219\\Desktop\\codeceptjsAPITesting\\test\\airport_favorites_test.js",
          "file": "\\test\\airport_favorites_test.js",
          "beforeHooks": [
            {
              "title": "\"before all\" hook: codeceptjs.beforeSuite in \"Favorites airport\"",
              "fullTitle": "Favorites airport \"before all\" hook: codeceptjs.beforeSuite in \"Favorites airport\"",
              "timedOut": false,
              "duration": 1,
              "state": null,
              "speed": null,
              "pass": false,
              "fail": false,
              "pending": false,
              "context": null,
              "code": "scenario.suiteSetup(suite)",
              "err": {},
              "uuid": "b04e666d-4c1d-4a28-ac7f-3763513d0b9c",
              "parentUUID": "ff62e627-356b-48b4-a752-b785d7000941",
              "isHook": true,
              "skipped": false
            },
            {
              "title": "\"before each\" hook: codeceptjs.before in \"Favorites airport\"",
              "fullTitle": "Favorites airport \"before each\" hook: codeceptjs.before in \"Favorites airport\"",
              "timedOut": false,
              "duration": 0,
              "state": null,
              "speed": null,
              "pass": false,
              "fail": false,
              "pending": false,
              "context": null,
              "code": "scenario.setup(suite)",
              "err": {},
              "uuid": "d734bc69-421e-4b7b-8286-906c6569eb5e",
              "parentUUID": "ff62e627-356b-48b4-a752-b785d7000941",
              "isHook": true,
              "skipped": false
            }
          ],
          "afterHooks": [
            {
              "title": "\"after all\" hook: codeceptjs.afterSuite in \"Favorites airport\"",
              "fullTitle": "Favorites airport \"after all\" hook: codeceptjs.afterSuite in \"Favorites airport\"",
              "timedOut": false,
              "duration": 0,
              "state": null,
              "speed": null,
              "pass": false,
              "fail": false,
              "pending": false,
              "context": null,
              "code": "scenario.suiteTeardown(suite)",
              "err": {},
              "uuid": "a2746cab-ae2e-43ee-bd61-63bba34151c8",
              "parentUUID": "ff62e627-356b-48b4-a752-b785d7000941",
              "isHook": true,
              "skipped": false
            },
            {
              "title": "\"after each\" hook: finalize codeceptjs in \"Favorites airport\"",
              "fullTitle": "Favorites airport \"after each\" hook: finalize codeceptjs in \"Favorites airport\"",
              "timedOut": false,
              "duration": 0,
              "state": null,
              "speed": null,
              "pass": false,
              "fail": false,
              "pending": false,
              "context": null,
              "code": "scenario.teardown(suite)",
              "err": {},
              "uuid": "2f5e5eee-bd2a-4372-a6d6-cafb6f688724",
              "parentUUID": "ff62e627-356b-48b4-a752-b785d7000941",
              "isHook": true,
              "skipped": false
            }
          ],
          "tests": [
            {
              "title": "get favorites airports without token",
              "fullTitle": "Favorites airport: get favorites airports without token",
              "timedOut": false,
              "duration": 0,
              "state": "pending",
              "speed": null,
              "pass": false,
              "fail": false,
              "pending": true,
              "context": null,
              "code": "",
              "err": {},
              "uuid": "234b6092-de53-4fdf-aaec-c3eaed108ca3",
              "parentUUID": "ff62e627-356b-48b4-a752-b785d7000941",
              "isHook": false,
              "skipped": false
            },
            {
              "title": "get favorites airports with token",
              "fullTitle": "Favorites airport: get favorites airports with token",
              "timedOut": false,
              "duration": 464,
              "state": "failed",
              "speed": null,
              "pass": false,
              "fail": true,
              "pending": false,
              "context": "\"get_favori_f0cb3122-d5c0-4424-9e75-6c85918c2eaf.failed.png\"",
              "code": "I})=>{\n    // const header={\n    //     'Authorization': 'Bearer GpfiEJfmJ4ufouKWZxmwpcM4',\n    // }\n    // I.haveRequestHeaders(header)\n    \n    let res =await I.sendPostRequest('favorites',airportData.postData)\n    console.log(res.data.data);\n    I.seeResponseCodeIs(201);\n    I.seeResponseContainsJson(airportData.postData.note)\n    \n    let airportId = res.data.data.id;\n    console.log(airportId);\n    console.log('=============post request success==================');\n    let getResponse =await I.sendGetRequest('favorites')\n    console.log(getResponse.data.data);\n    // I.seeResponseCodeIs(200);\n    console.log('=============get request success==================');\n    // I.haveRequestHeaders(header)\n    let getRes =await I.sendGetRequest(`favorites/${airportId}`)\n    console.log(getRes.data);\n    // I.seeResponseCodeIs(200);\n    console.log('=============get favorite request success==================');\n    \n    \n    // I.haveRequestHeaders(header)\n    let patchRes = await I.sendPatchRequest(`/favorites/${airportId}`,airportData.payload)\n    console.log(patchRes.data.data);\n    I.seeResponseCodeIs(200)\n    console.log('=============put request success==================');\n    // I.haveRequestHeaders(header)\n    await I.sendDeleteRequest(`favorites/${airportId}`)\n    I.seeResponseCodeIs(204)\n    console.log('=============delete request success==================');\n    // I.haveRequestHeaders(header)\n    await I.sendDeleteRequest('favorites/clear_all')\n    I.seeResponseCodeIs(204)",
              "err": {
                "message": "TypeError: re.exec is not a function",
                "estack": "TypeError: re.exec is not a function\n    at Proxy.assertMatch (node_modules\\chai\\lib\\chai\\core\\assertions.js:2187:12)\n    at Proxy.methodWrapper (node_modules\\chai\\lib\\chai\\utils\\addMethod.js:57:25)\n    at Proxy.assertDeepMatch (node_modules\\chai-deep-match\\index.js:109:16)\n    at Proxy.overwritingMethodWrapper (node_modules\\chai\\lib\\chai\\utils\\overwriteMethod.js:78:33)\n    at JSONResponse.seeResponseContainsJson (node_modules\\codeceptjs\\lib\\helper\\JSONResponse.js:199:42)\n    at Step.run (node_modules\\codeceptjs\\lib\\step.js:122:47)\n    at C:\\Users\\7000031219\\Desktop\\codeceptjsAPITesting\\node_modules\\codeceptjs\\lib\\actor.js:134:23\n    at processTicksAndRejections (internal/process/task_queues.js:95:5)",
                "diff": null
              },
              "uuid": "f0cb3122-d5c0-4424-9e75-6c85918c2eaf",
              "parentUUID": "ff62e627-356b-48b4-a752-b785d7000941",
              "isHook": false,
              "skipped": false
            }
          ],
          "suites": [],
          "passes": [],
          "failures": [
            "f0cb3122-d5c0-4424-9e75-6c85918c2eaf"
          ],
          "pending": [
            "234b6092-de53-4fdf-aaec-c3eaed108ca3"
          ],
          "skipped": [],
          "duration": 464,
          "root": false,
          "rootEmpty": false,
          "_timeout": 0
        }
      ],
      "passes": [],
      "failures": [],
      "pending": [],
      "skipped": [],
      "duration": 0,
      "root": true,
      "rootEmpty": true,
      "_timeout": 0
    }
  ],
  "meta": {
    "mocha": {
      "version": "8.1.3"
    },
    "mochawesome": {
      "options": {
        "quiet": false,
        "reportFilename": "mochawesome",
        "saveHtml": true,
        "saveJson": true,
        "consoleReporter": "spec",
        "useInlineDiffs": false,
        "code": true
      },
      "version": "7.1.3"
    },
    "marge": {
      "options": {},
      "version": "6.2.0"
    }
  }
}